<?xml version="1.0" encoding="UTF-8"?>
<testsuite xmlns:xsi="http://www.w3.org/2001/XMLSchema-instance" xsi:noNamespaceSchemaLocation="https://maven.apache.org/surefire/maven-surefire-plugin/xsd/surefire-test-report.xsd" name="server.constraint.SearchReservationConstraintTest" time="0.005" tests="1" errors="0" skipped="0" failures="0">
  <properties>
    <property name="gopherProxySet" value="false"/>
    <property name="awt.toolkit" value="sun.lwawt.macosx.LWCToolkit"/>
    <property name="file.encoding.pkg" value="sun.io"/>
    <property name="java.specification.version" value="1.8"/>
    <property name="sun.cpu.isalist" value=""/>
    <property name="sun.jnu.encoding" value="UTF-8"/>
    <property name="java.class.path" value="/Users/travis/build/Zichuan-Wang/ScoreOverFlow/target/test-classes:/Users/travis/build/Zichuan-Wang/ScoreOverFlow/target/classes:/Users/travis/.m2/repository/org/eclipse/persistence/javax.persistence/2.1.0/javax.persistence-2.1.0.jar:/Users/travis/.m2/repository/org/hibernate/hibernate-entitymanager/5.2.2.Final/hibernate-entitymanager-5.2.2.Final.jar:/Users/travis/.m2/repository/org/jboss/logging/jboss-logging/3.3.0.Final/jboss-logging-3.3.0.Final.jar:/Users/travis/.m2/repository/org/hibernate/hibernate-core/5.2.2.Final/hibernate-core-5.2.2.Final.jar:/Users/travis/.m2/repository/antlr/antlr/2.7.7/antlr-2.7.7.jar:/Users/travis/.m2/repository/org/jboss/jandex/2.0.0.Final/jandex-2.0.0.Final.jar:/Users/travis/.m2/repository/com/fasterxml/classmate/1.3.0/classmate-1.3.0.jar:/Users/travis/.m2/repository/javax/enterprise/cdi-api/1.1/cdi-api-1.1.jar:/Users/travis/.m2/repository/javax/el/el-api/2.2/el-api-2.2.jar:/Users/travis/.m2/repository/org/jboss/spec/javax/interceptor/jboss-interceptors-api_1.1_spec/1.0.0.Beta1/jboss-interceptors-api_1.1_spec-1.0.0.Beta1.jar:/Users/travis/.m2/repository/javax/annotation/jsr250-api/1.0/jsr250-api-1.0.jar:/Users/travis/.m2/repository/javax/inject/javax.inject/1/javax.inject-1.jar:/Users/travis/.m2/repository/dom4j/dom4j/1.6.1/dom4j-1.6.1.jar:/Users/travis/.m2/repository/org/hibernate/common/hibernate-commons-annotations/5.0.1.Final/hibernate-commons-annotations-5.0.1.Final.jar:/Users/travis/.m2/repository/org/hibernate/javax/persistence/hibernate-jpa-2.1-api/1.0.0.Final/hibernate-jpa-2.1-api-1.0.0.Final.jar:/Users/travis/.m2/repository/org/javassist/javassist/3.20.0-GA/javassist-3.20.0-GA.jar:/Users/travis/.m2/repository/org/apache/geronimo/specs/geronimo-jta_1.1_spec/1.1.1/geronimo-jta_1.1_spec-1.1.1.jar:/Users/travis/.m2/repository/mysql/mysql-connector-java/5.1.27/mysql-connector-java-5.1.27.jar:/Users/travis/.m2/repository/junit/junit/4.11/junit-4.11.jar:/Users/travis/.m2/repository/org/hamcrest/hamcrest-core/1.3/hamcrest-core-1.3.jar:/Users/travis/.m2/repository/org/junit/jupiter/junit-jupiter-api/5.1.0/junit-jupiter-api-5.1.0.jar:/Users/travis/.m2/repository/org/apiguardian/apiguardian-api/1.0.0/apiguardian-api-1.0.0.jar:/Users/travis/.m2/repository/org/opentest4j/opentest4j/1.0.0/opentest4j-1.0.0.jar:/Users/travis/.m2/repository/org/junit/platform/junit-platform-commons/1.1.0/junit-platform-commons-1.1.0.jar:/Users/travis/.m2/repository/org/junit/jupiter/junit-jupiter-engine/5.1.0/junit-jupiter-engine-5.1.0.jar:/Users/travis/.m2/repository/org/junit/platform/junit-platform-engine/1.1.0/junit-platform-engine-1.1.0.jar:/Users/travis/.m2/repository/org/mockito/mockito-core/2.7.22/mockito-core-2.7.22.jar:/Users/travis/.m2/repository/net/bytebuddy/byte-buddy/1.6.11/byte-buddy-1.6.11.jar:/Users/travis/.m2/repository/net/bytebuddy/byte-buddy-agent/1.6.11/byte-buddy-agent-1.6.11.jar:/Users/travis/.m2/repository/org/objenesis/objenesis/2.5/objenesis-2.5.jar:/Users/travis/.m2/repository/org/assertj/assertj-swing-junit/3.8.0/assertj-swing-junit-3.8.0.jar:/Users/travis/.m2/repository/org/assertj/assertj-swing/3.8.0/assertj-swing-3.8.0.jar:/Users/travis/.m2/repository/org/assertj/assertj-core/3.8.0/assertj-core-3.8.0.jar:/Users/travis/.m2/repository/org/easytesting/fest-util/1.2.5/fest-util-1.2.5.jar:/Users/travis/.m2/repository/org/easytesting/fest-reflect/1.4.1/fest-reflect-1.4.1.jar:/Users/travis/.m2/repository/com/github/lgooddatepicker/LGoodDatePicker/10.3.1/LGoodDatePicker-10.3.1.jar:"/>
    <property name="java.vm.vendor" value="Oracle Corporation"/>
    <property name="sun.arch.data.model" value="64"/>
    <property name="java.vendor.url" value="http://java.oracle.com/"/>
    <property name="user.timezone" value=""/>
    <property name="java.vm.specification.version" value="1.8"/>
    <property name="os.name" value="Mac OS X"/>
    <property name="user.country" value="US"/>
    <property name="sun.java.launcher" value="SUN_STANDARD"/>
    <property name="sun.boot.library.path" value="/Library/Java/JavaVirtualMachines/jdk1.8.0_112.jdk/Contents/Home/jre/lib"/>
    <property name="sun.java.command" value="/Users/travis/build/Zichuan-Wang/ScoreOverFlow/target/surefire/surefirebooter57282046280908079.jar /Users/travis/build/Zichuan-Wang/ScoreOverFlow/target/surefire 2018-10-31T01-47-17_890-jvmRun1 surefire5212008226607589299tmp surefire_08066240831255103673tmp"/>
    <property name="http.nonProxyHosts" value="local|*.local|169.254/16|*.169.254/16"/>
    <property name="surefire.test.class.path" value="/Users/travis/build/Zichuan-Wang/ScoreOverFlow/target/test-classes:/Users/travis/build/Zichuan-Wang/ScoreOverFlow/target/classes:/Users/travis/.m2/repository/org/eclipse/persistence/javax.persistence/2.1.0/javax.persistence-2.1.0.jar:/Users/travis/.m2/repository/org/hibernate/hibernate-entitymanager/5.2.2.Final/hibernate-entitymanager-5.2.2.Final.jar:/Users/travis/.m2/repository/org/jboss/logging/jboss-logging/3.3.0.Final/jboss-logging-3.3.0.Final.jar:/Users/travis/.m2/repository/org/hibernate/hibernate-core/5.2.2.Final/hibernate-core-5.2.2.Final.jar:/Users/travis/.m2/repository/antlr/antlr/2.7.7/antlr-2.7.7.jar:/Users/travis/.m2/repository/org/jboss/jandex/2.0.0.Final/jandex-2.0.0.Final.jar:/Users/travis/.m2/repository/com/fasterxml/classmate/1.3.0/classmate-1.3.0.jar:/Users/travis/.m2/repository/javax/enterprise/cdi-api/1.1/cdi-api-1.1.jar:/Users/travis/.m2/repository/javax/el/el-api/2.2/el-api-2.2.jar:/Users/travis/.m2/repository/org/jboss/spec/javax/interceptor/jboss-interceptors-api_1.1_spec/1.0.0.Beta1/jboss-interceptors-api_1.1_spec-1.0.0.Beta1.jar:/Users/travis/.m2/repository/javax/annotation/jsr250-api/1.0/jsr250-api-1.0.jar:/Users/travis/.m2/repository/javax/inject/javax.inject/1/javax.inject-1.jar:/Users/travis/.m2/repository/dom4j/dom4j/1.6.1/dom4j-1.6.1.jar:/Users/travis/.m2/repository/org/hibernate/common/hibernate-commons-annotations/5.0.1.Final/hibernate-commons-annotations-5.0.1.Final.jar:/Users/travis/.m2/repository/org/hibernate/javax/persistence/hibernate-jpa-2.1-api/1.0.0.Final/hibernate-jpa-2.1-api-1.0.0.Final.jar:/Users/travis/.m2/repository/org/javassist/javassist/3.20.0-GA/javassist-3.20.0-GA.jar:/Users/travis/.m2/repository/org/apache/geronimo/specs/geronimo-jta_1.1_spec/1.1.1/geronimo-jta_1.1_spec-1.1.1.jar:/Users/travis/.m2/repository/mysql/mysql-connector-java/5.1.27/mysql-connector-java-5.1.27.jar:/Users/travis/.m2/repository/junit/junit/4.11/junit-4.11.jar:/Users/travis/.m2/repository/org/hamcrest/hamcrest-core/1.3/hamcrest-core-1.3.jar:/Users/travis/.m2/repository/org/junit/jupiter/junit-jupiter-api/5.1.0/junit-jupiter-api-5.1.0.jar:/Users/travis/.m2/repository/org/apiguardian/apiguardian-api/1.0.0/apiguardian-api-1.0.0.jar:/Users/travis/.m2/repository/org/opentest4j/opentest4j/1.0.0/opentest4j-1.0.0.jar:/Users/travis/.m2/repository/org/junit/platform/junit-platform-commons/1.1.0/junit-platform-commons-1.1.0.jar:/Users/travis/.m2/repository/org/junit/jupiter/junit-jupiter-engine/5.1.0/junit-jupiter-engine-5.1.0.jar:/Users/travis/.m2/repository/org/junit/platform/junit-platform-engine/1.1.0/junit-platform-engine-1.1.0.jar:/Users/travis/.m2/repository/org/mockito/mockito-core/2.7.22/mockito-core-2.7.22.jar:/Users/travis/.m2/repository/net/bytebuddy/byte-buddy/1.6.11/byte-buddy-1.6.11.jar:/Users/travis/.m2/repository/net/bytebuddy/byte-buddy-agent/1.6.11/byte-buddy-agent-1.6.11.jar:/Users/travis/.m2/repository/org/objenesis/objenesis/2.5/objenesis-2.5.jar:/Users/travis/.m2/repository/org/assertj/assertj-swing-junit/3.8.0/assertj-swing-junit-3.8.0.jar:/Users/travis/.m2/repository/org/assertj/assertj-swing/3.8.0/assertj-swing-3.8.0.jar:/Users/travis/.m2/repository/org/assertj/assertj-core/3.8.0/assertj-core-3.8.0.jar:/Users/travis/.m2/repository/org/easytesting/fest-util/1.2.5/fest-util-1.2.5.jar:/Users/travis/.m2/repository/org/easytesting/fest-reflect/1.4.1/fest-reflect-1.4.1.jar:/Users/travis/.m2/repository/com/github/lgooddatepicker/LGoodDatePicker/10.3.1/LGoodDatePicker-10.3.1.jar:"/>
    <property name="sun.cpu.endian" value="little"/>
    <property name="user.home" value="/Users/travis"/>
    <property name="user.language" value="en"/>
    <property name="java.specification.vendor" value="Oracle Corporation"/>
    <property name="java.home" value="/Library/Java/JavaVirtualMachines/jdk1.8.0_112.jdk/Contents/Home/jre"/>
    <property name="basedir" value="/Users/travis/build/Zichuan-Wang/ScoreOverFlow"/>
    <property name="file.separator" value="/"/>
    <property name="line.separator" value="&#10;"/>
    <property name="java.vm.specification.vendor" value="Oracle Corporation"/>
    <property name="java.specification.name" value="Java Platform API Specification"/>
    <property name="java.awt.graphicsenv" value="sun.awt.CGraphicsEnvironment"/>
    <property name="surefire.real.class.path" value="/Users/travis/build/Zichuan-Wang/ScoreOverFlow/target/surefire/surefirebooter57282046280908079.jar"/>
    <property name="sun.boot.class.path" value="/Library/Java/JavaVirtualMachines/jdk1.8.0_112.jdk/Contents/Home/jre/lib/resources.jar:/Library/Java/JavaVirtualMachines/jdk1.8.0_112.jdk/Contents/Home/jre/lib/rt.jar:/Library/Java/JavaVirtualMachines/jdk1.8.0_112.jdk/Contents/Home/jre/lib/sunrsasign.jar:/Library/Java/JavaVirtualMachines/jdk1.8.0_112.jdk/Contents/Home/jre/lib/jsse.jar:/Library/Java/JavaVirtualMachines/jdk1.8.0_112.jdk/Contents/Home/jre/lib/jce.jar:/Library/Java/JavaVirtualMachines/jdk1.8.0_112.jdk/Contents/Home/jre/lib/charsets.jar:/Library/Java/JavaVirtualMachines/jdk1.8.0_112.jdk/Contents/Home/jre/lib/jfr.jar:/Library/Java/JavaVirtualMachines/jdk1.8.0_112.jdk/Contents/Home/jre/classes"/>
    <property name="sun.management.compiler" value="HotSpot 64-Bit Tiered Compilers"/>
    <property name="ftp.nonProxyHosts" value="local|*.local|169.254/16|*.169.254/16"/>
    <property name="java.runtime.version" value="1.8.0_112-b16"/>
    <property name="user.name" value="travis"/>
    <property name="path.separator" value=":"/>
    <property name="os.version" value="10.13.3"/>
    <property name="java.endorsed.dirs" value="/Library/Java/JavaVirtualMachines/jdk1.8.0_112.jdk/Contents/Home/jre/lib/endorsed"/>
    <property name="java.runtime.name" value="Java(TM) SE Runtime Environment"/>
    <property name="file.encoding" value="UTF-8"/>
    <property name="java.vm.name" value="Java HotSpot(TM) 64-Bit Server VM"/>
    <property name="localRepository" value="/Users/travis/.m2/repository"/>
    <property name="java.vendor.url.bug" value="http://bugreport.sun.com/bugreport/"/>
    <property name="java.io.tmpdir" value="/var/folders/bb/n7t3rs157850byt_jfdcq9k80000gn/T/"/>
    <property name="java.version" value="1.8.0_112"/>
    <property name="user.dir" value="/Users/travis/build/Zichuan-Wang/ScoreOverFlow"/>
    <property name="os.arch" value="x86_64"/>
    <property name="java.vm.specification.name" value="Java Virtual Machine Specification"/>
    <property name="java.awt.printerjob" value="sun.lwawt.macosx.CPrinterJob"/>
    <property name="sun.os.patch.level" value="unknown"/>
    <property name="java.library.path" value="/Users/travis/Library/Java/Extensions:/Library/Java/Extensions:/Network/Library/Java/Extensions:/System/Library/Java/Extensions:/usr/lib/java:."/>
    <property name="java.vm.info" value="mixed mode"/>
    <property name="java.vendor" value="Oracle Corporation"/>
    <property name="java.vm.version" value="25.112-b16"/>
    <property name="java.ext.dirs" value="/Users/travis/Library/Java/Extensions:/Library/Java/JavaVirtualMachines/jdk1.8.0_112.jdk/Contents/Home/jre/lib/ext:/Library/Java/Extensions:/Network/Library/Java/Extensions:/System/Library/Java/Extensions:/usr/lib/java"/>
    <property name="sun.io.unicode.encoding" value="UnicodeBig"/>
    <property name="java.class.version" value="52.0"/>
    <property name="socksNonProxyHosts" value="local|*.local|169.254/16|*.169.254/16"/>
  </properties>
  <testcase name="createAndChangeSearchConstraint" classname="server.constraint.SearchReservationConstraintTest" time="0.001"/>
</testsuite>